<?xml version="1.0" encoding="UTF-8"?>
<!-- Generated by org.testng.reporters.JUnitXMLReporter -->
<testsuite ignored="3" hostname="BA-000612745" failures="0" tests="0" time="0.008" errors="0" timestamp="2025-04-09T19:11:36 IST">
  <testcase classname="com.orangehrm.automation.tests.LoginTest" name="DashboardTest" time="0.0">
    <ignored/>
  </testcase> <!-- DashboardTest -->
  <testcase classname="com.orangehrm.automation.tests.LoginTest" name="Logintest" time="0.0">
    <ignored/>
  </testcase> <!-- Logintest -->
  <testcase classname="com.orangehrm.automation.tests.LoginTest" name="launchApp" time="0.0">
    <ignored/>
  </testcase> <!-- launchApp -->
</testsuite>
