<?xml version="1.0" encoding="UTF-8"?>
<!-- Generated by org.testng.reporters.JUnitXMLReporter -->
<testsuite ignored="6" hostname="BA-000612745" failures="2" tests="2" name="Test" time="0.068" errors="0" timestamp="2025-04-08T12:44:59 IST">
  <testcase classname="com.orangehrm.automation.tests.DoTest" name="validLogin" time="0.006">
    <failure type="java.lang.NullPointerException" message="Cannot invoke &amp;quot;com.aventstack.extentreports.ExtentReports.createTest(String)&amp;quot; because &amp;quot;com.orangehrm.automation.tests.Base.extent&amp;quot; is null">
      <![CDATA[java.lang.NullPointerException: Cannot invoke "com.aventstack.extentreports.ExtentReports.createTest(String)" because "com.orangehrm.automation.tests.Base.extent" is null
at com.orangehrm.automation.listeners.CustomListener.onTestStart(CustomListener.java:10)
at java.base/java.util.ArrayList.forEach(ArrayList.java:1511)
... Removed 28 stack frames]]>
    </failure>
  </testcase> <!-- validLogin -->
  <testcase classname="com.orangehrm.automation.tests.DoTest" name="validLogin" time="0.04">
    <failure type="java.lang.NullPointerException" message="Cannot invoke &amp;quot;com.aventstack.extentreports.ExtentTest.fail(String)&amp;quot; because &amp;quot;com.orangehrm.automation.tests.Base.test&amp;quot; is null">
      <![CDATA[java.lang.NullPointerException: Cannot invoke "com.aventstack.extentreports.ExtentTest.fail(String)" because "com.orangehrm.automation.tests.Base.test" is null
at com.orangehrm.automation.listeners.CustomListener.onTestFailure(CustomListener.java:20)
at java.base/java.util.ArrayList.forEach(ArrayList.java:1511)
... Removed 28 stack frames]]>
    </failure>
  </testcase> <!-- validLogin -->
  <testcase classname="com.orangehrm.automation.tests.LoginTest" name="DashboardTest" time="0.0">
    <ignored/>
  </testcase> <!-- DashboardTest -->
  <testcase classname="com.orangehrm.automation.tests.DashboardTest" name="logout" time="0.0">
    <ignored/>
  </testcase> <!-- logout -->
  <testcase classname="com.orangehrm.automation.tests.DashboardTest" name="checkWidgets" time="0.0">
    <ignored/>
  </testcase> <!-- checkWidgets -->
  <testcase classname="com.orangehrm.automation.tests.LoginTest" name="Logintest" time="0.0">
    <ignored/>
  </testcase> <!-- Logintest -->
  <testcase classname="com.orangehrm.automation.tests.LoginTest" name="launchApp" time="0.0">
    <ignored/>
  </testcase> <!-- launchApp -->
  <testcase classname="com.orangehrm.automation.tests.DoTest" name="invalidLogin" time="0.0">
    <ignored/>
  </testcase> <!-- invalidLogin -->
</testsuite> <!-- Test -->
