<?xml version="1.0" encoding="UTF-8"?>
<testng-results ignored="0" total="3" passed="2" failed="1" skipped="0">
  <reporter-output>
  </reporter-output>
  <suite started-at="2025-04-10T13:30:44 IST" name="Default suite" finished-at="2025-04-10T13:30:50 IST" duration-ms="6212">
    <groups>
    </groups>
    <test started-at="2025-04-10T13:30:44 IST" name="Default test" finished-at="2025-04-10T13:30:50 IST" duration-ms="6212">
      <class name="com.orangehrm.automation.tests.LoginTest">
        <test-method is-config="true" signature="setupReport()[pri:0, instance:com.orangehrm.automation.tests.LoginTest@c8c12ac]" started-at="2025-04-10T13:30:44 IST" name="setupReport" finished-at="2025-04-10T13:30:44 IST" duration-ms="371" status="PASS">
          <reporter-output>
          </reporter-output>
        </test-method> <!-- setupReport -->
        <test-method is-config="true" signature="setupClass()[pri:0, instance:com.orangehrm.automation.tests.LoginTest@c8c12ac]" started-at="2025-04-10T13:30:44 IST" name="setupClass" finished-at="2025-04-10T13:30:50 IST" duration-ms="5692" status="PASS">
          <reporter-output>
          </reporter-output>
        </test-method> <!-- setupClass -->
        <test-method is-config="true" signature="setupTest(java.lang.reflect.Method)[pri:0, instance:com.orangehrm.automation.tests.LoginTest@c8c12ac]" started-at="2025-04-10T13:30:50 IST" name="setupTest" finished-at="2025-04-10T13:30:50 IST" duration-ms="6" status="PASS">
          <params>
            <param index="0">
              <value>
                <![CDATA[public void com.orangehrm.automation.tests.LoginTest.Logintest()]]>
              </value>
            </param>
          </params>
          <reporter-output>
          </reporter-output>
        </test-method> <!-- setupTest -->
        <test-method signature="Logintest()[pri:0, instance:com.orangehrm.automation.tests.LoginTest@c8c12ac]" started-at="2025-04-10T13:30:50 IST" name="Logintest" finished-at="2025-04-10T13:30:50 IST" duration-ms="9" status="FAIL">
          <exception class="java.lang.ClassCastException">
            <message>
              <![CDATA[class org.openqa.selenium.By$ByXPath cannot be cast to class org.openqa.selenium.WebElement (org.openqa.selenium.By$ByXPath and org.openqa.selenium.WebElement are in unnamed module of loader 'app')]]>
            </message>
            <full-stacktrace>
              <![CDATA[java.lang.ClassCastException: class org.openqa.selenium.By$ByXPath cannot be cast to class org.openqa.selenium.WebElement (org.openqa.selenium.By$ByXPath and org.openqa.selenium.WebElement are in unnamed module of loader 'app')
at com.orangehrm.automation.tests.LoginTest.Logintest(LoginTest.java:17)
at java.base/jdk.internal.reflect.DirectMethodHandleAccessor.invoke(DirectMethodHandleAccessor.java:104)
at java.base/java.lang.reflect.Method.invoke(Method.java:578)
at org.testng.internal.MethodInvocationHelper.invokeMethod(MethodInvocationHelper.java:133)
at org.testng.internal.TestInvoker.invokeMethod(TestInvoker.java:598)
at org.testng.internal.TestInvoker.invokeTestMethod(TestInvoker.java:173)
at org.testng.internal.MethodRunner.runInSequence(MethodRunner.java:46)
at org.testng.internal.TestInvoker$MethodInvocationAgent.invoke(TestInvoker.java:824)
at org.testng.internal.TestInvoker.invokeTestMethods(TestInvoker.java:146)
at org.testng.internal.TestMethodWorker.invokeTestMethods(TestMethodWorker.java:146)
at org.testng.internal.TestMethodWorker.run(TestMethodWorker.java:128)
at java.base/java.util.ArrayList.forEach(ArrayList.java:1511)
at org.testng.TestRunner.privateRun(TestRunner.java:794)
at org.testng.TestRunner.run(TestRunner.java:596)
at org.testng.SuiteRunner.runTest(SuiteRunner.java:377)
at org.testng.SuiteRunner.runSequentially(SuiteRunner.java:371)
at org.testng.SuiteRunner.privateRun(SuiteRunner.java:332)
at org.testng.SuiteRunner.run(SuiteRunner.java:276)
at org.testng.SuiteRunnerWorker.runSuite(SuiteRunnerWorker.java:53)
at org.testng.SuiteRunnerWorker.run(SuiteRunnerWorker.java:96)
at org.testng.TestNG.runSuitesSequentially(TestNG.java:1212)
at org.testng.TestNG.runSuitesLocally(TestNG.java:1134)
at org.testng.TestNG.runSuites(TestNG.java:1063)
at org.testng.TestNG.run(TestNG.java:1031)
at org.testng.remote.AbstractRemoteTestNG.run(AbstractRemoteTestNG.java:115)
at org.testng.remote.RemoteTestNG.initAndRun(RemoteTestNG.java:251)
at org.testng.remote.RemoteTestNG.main(RemoteTestNG.java:77)
]]>
            </full-stacktrace>
          </exception> <!-- java.lang.ClassCastException -->
          <reporter-output>
          </reporter-output>
        </test-method> <!-- Logintest -->
        <test-method is-config="true" signature="setupTest(java.lang.reflect.Method)[pri:0, instance:com.orangehrm.automation.tests.LoginTest@c8c12ac]" started-at="2025-04-10T13:30:50 IST" name="setupTest" finished-at="2025-04-10T13:30:50 IST" duration-ms="1" status="PASS">
          <params>
            <param index="0">
              <value>
                <![CDATA[public void com.orangehrm.automation.tests.LoginTest.DashboardTest()]]>
              </value>
            </param>
          </params>
          <reporter-output>
          </reporter-output>
        </test-method> <!-- setupTest -->
        <test-method signature="DashboardTest()[pri:1, instance:com.orangehrm.automation.tests.LoginTest@c8c12ac]" started-at="2025-04-10T13:30:50 IST" name="DashboardTest" finished-at="2025-04-10T13:30:50 IST" duration-ms="2" status="PASS">
          <reporter-output>
          </reporter-output>
        </test-method> <!-- DashboardTest -->
        <test-method is-config="true" signature="setupTest(java.lang.reflect.Method)[pri:0, instance:com.orangehrm.automation.tests.LoginTest@c8c12ac]" started-at="2025-04-10T13:30:50 IST" name="setupTest" finished-at="2025-04-10T13:30:50 IST" duration-ms="1" status="PASS">
          <params>
            <param index="0">
              <value>
                <![CDATA[public void com.orangehrm.automation.tests.LoginTest.launchApp()]]>
              </value>
            </param>
          </params>
          <reporter-output>
          </reporter-output>
        </test-method> <!-- setupTest -->
        <test-method signature="launchApp()[pri:2, instance:com.orangehrm.automation.tests.LoginTest@c8c12ac]" started-at="2025-04-10T13:30:50 IST" name="launchApp" finished-at="2025-04-10T13:30:50 IST" duration-ms="1" status="PASS">
          <reporter-output>
          </reporter-output>
        </test-method> <!-- launchApp -->
        <test-method is-config="true" signature="tearDown()[pri:0, instance:com.orangehrm.automation.tests.LoginTest@c8c12ac]" started-at="2025-04-10T13:30:50 IST" name="tearDown" finished-at="2025-04-10T13:30:50 IST" duration-ms="448" status="PASS">
          <reporter-output>
          </reporter-output>
        </test-method> <!-- tearDown -->
        <test-method is-config="true" signature="endReport()[pri:0, instance:com.orangehrm.automation.tests.LoginTest@c8c12ac]" started-at="2025-04-10T13:30:50 IST" name="endReport" finished-at="2025-04-10T13:30:51 IST" duration-ms="382" status="PASS">
          <reporter-output>
          </reporter-output>
        </test-method> <!-- endReport -->
      </class> <!-- com.orangehrm.automation.tests.LoginTest -->
    </test> <!-- Default test -->
  </suite> <!-- Default suite -->
</testng-results>
